mode: set
github.com/yanisurbis/go-unpack-string/unpack.go:7.39,13.34 5 1
github.com/yanisurbis/go-unpack-string/unpack.go:37.2,37.27 1 1
github.com/yanisurbis/go-unpack-string/unpack.go:41.2,41.25 1 1
github.com/yanisurbis/go-unpack-string/unpack.go:13.34,16.23 2 1
github.com/yanisurbis/go-unpack-string/unpack.go:16.23,17.14 1 1
github.com/yanisurbis/go-unpack-string/unpack.go:23.4,23.25 1 1
github.com/yanisurbis/go-unpack-string/unpack.go:17.14,18.15 1 1
github.com/yanisurbis/go-unpack-string/unpack.go:21.5,21.21 1 1
github.com/yanisurbis/go-unpack-string/unpack.go:18.15,20.6 1 1
github.com/yanisurbis/go-unpack-string/unpack.go:24.9,25.14 1 1
github.com/yanisurbis/go-unpack-string/unpack.go:32.4,32.24 1 1
github.com/yanisurbis/go-unpack-string/unpack.go:25.14,26.30 1 1
github.com/yanisurbis/go-unpack-string/unpack.go:30.5,30.10 1 1
github.com/yanisurbis/go-unpack-string/unpack.go:26.30,28.6 1 1
github.com/yanisurbis/go-unpack-string/unpack.go:37.27,39.3 1 1
